This is pdfTeX, Version 3.14159265-2.6-1.40.19 (TeX Live 2018) (preloaded format=pdflatex 2018.4.16)  16 DEC 2018 18:16
entering extended mode
 restricted \write18 enabled.
 file:line:error style messages enabled.
 %&-line parsing enabled.
**\input vita.tex
(./vita.tex (/usr/local/texlive/2018/texmf-dist/tex/latex/base/article.cls
Document Class: article 2014/09/29 v1.4h Standard LaTeX document class
(/usr/local/texlive/2018/texmf-dist/tex/latex/base/size12.clo
File: size12.clo 2014/09/29 v1.4h Standard LaTeX file (size option)
)
\c@part=\count80
\c@section=\count81
\c@subsection=\count82
\c@subsubsection=\count83
\c@paragraph=\count84
\c@subparagraph=\count85
\c@figure=\count86
\c@table=\count87
\abovecaptionskip=\skip41
\belowcaptionskip=\skip42
\bibindent=\dimen102
)
(/usr/local/texlive/2018/texmf-dist/tex/latex/geometry/geometry.sty
Package: geometry 2018/03/24 v5.7 Page Geometry

(/usr/local/texlive/2018/texmf-dist/tex/latex/graphics/keyval.sty
Package: keyval 2014/10/28 v1.15 key=value parser (DPC)
\KV@toks@=\toks14
)
(/usr/local/texlive/2018/texmf-dist/tex/generic/oberdiek/ifpdf.sty
Package: ifpdf 2017/03/15 v3.2 Provides the ifpdf switch
)
(/usr/local/texlive/2018/texmf-dist/tex/generic/oberdiek/ifvtex.sty
Package: ifvtex 2016/05/16 v1.6 Detect VTeX and its facilities (HO)
Package ifvtex Info: VTeX not detected.
)
(/usr/local/texlive/2018/texmf-dist/tex/generic/ifxetex/ifxetex.sty
Package: ifxetex 2010/09/12 v0.6 Provides ifxetex conditional
)
\Gm@cnth=\count88
\Gm@cntv=\count89
\c@Gm@tempcnt=\count90
\Gm@bindingoffset=\dimen103
\Gm@wd@mp=\dimen104
\Gm@odd@mp=\dimen105
\Gm@even@mp=\dimen106
\Gm@layoutwidth=\dimen107
\Gm@layoutheight=\dimen108
\Gm@layouthoffset=\dimen109
\Gm@layoutvoffset=\dimen110
\Gm@dimlist=\toks15
)
(/usr/local/texlive/2018/texmf-dist/tex/latex/hyperref/hyperref.sty
Package: hyperref 2018/02/06 v6.86b Hypertext links for LaTeX

(/usr/local/texlive/2018/texmf-dist/tex/generic/oberdiek/hobsub-hyperref.sty
Package: hobsub-hyperref 2016/05/16 v1.14 Bundle oberdiek, subset hyperref (HO)


(/usr/local/texlive/2018/texmf-dist/tex/generic/oberdiek/hobsub-generic.sty
Package: hobsub-generic 2016/05/16 v1.14 Bundle oberdiek, subset generic (HO)
Package: hobsub 2016/05/16 v1.14 Construct package bundles (HO)
Package: infwarerr 2016/05/16 v1.4 Providing info/warning/error messages (HO)
Package: ltxcmds 2016/05/16 v1.23 LaTeX kernel commands for general use (HO)
Package: ifluatex 2016/05/16 v1.4 Provides the ifluatex switch (HO)
Package ifluatex Info: LuaTeX not detected.
Package hobsub Info: Skipping package `ifvtex' (already loaded).
Package: intcalc 2016/05/16 v1.2 Expandable calculations with integers (HO)
Package hobsub Info: Skipping package `ifpdf' (already loaded).
Package: etexcmds 2016/05/16 v1.6 Avoid name clashes with e-TeX commands (HO)
Package etexcmds Info: Could not find \expanded.
(etexcmds)             That can mean that you are not using pdfTeX 1.50 or
(etexcmds)             that some package has redefined \expanded.
(etexcmds)             In the latter case, load this package earlier.
Package: kvsetkeys 2016/05/16 v1.17 Key value parser (HO)
Package: kvdefinekeys 2016/05/16 v1.4 Define keys (HO)
Package: pdftexcmds 2018/01/30 v0.27 Utility functions of pdfTeX for LuaTeX (HO
)
Package pdftexcmds Info: LuaTeX not detected.
Package pdftexcmds Info: \pdf@primitive is available.
Package pdftexcmds Info: \pdf@ifprimitive is available.
Package pdftexcmds Info: \pdfdraftmode found.
Package: pdfescape 2016/05/16 v1.14 Implements pdfTeX's escape features (HO)
Package: bigintcalc 2016/05/16 v1.4 Expandable calculations on big integers (HO
)
Package: bitset 2016/05/16 v1.2 Handle bit-vector datatype (HO)
Package: uniquecounter 2016/05/16 v1.3 Provide unlimited unique counter (HO)
)
Package hobsub Info: Skipping package `hobsub' (already loaded).
Package: letltxmacro 2016/05/16 v1.5 Let assignment for LaTeX macros (HO)
Package: hopatch 2016/05/16 v1.3 Wrapper for package hooks (HO)
Package: xcolor-patch 2016/05/16 xcolor patch
Package: atveryend 2016/05/16 v1.9 Hooks at the very end of document (HO)
Package atveryend Info: \enddocument detected (standard20110627).
Package: atbegshi 2016/06/09 v1.18 At begin shipout hook (HO)
Package: refcount 2016/05/16 v3.5 Data extraction from label references (HO)
Package: hycolor 2016/05/16 v1.8 Color options for hyperref/bookmark (HO)
)
(/usr/local/texlive/2018/texmf-dist/tex/latex/oberdiek/auxhook.sty
Package: auxhook 2016/05/16 v1.4 Hooks for auxiliary files (HO)
)
(/usr/local/texlive/2018/texmf-dist/tex/latex/oberdiek/kvoptions.sty
Package: kvoptions 2016/05/16 v3.12 Key value format for package options (HO)
)
\@linkdim=\dimen111
\Hy@linkcounter=\count91
\Hy@pagecounter=\count92

(/usr/local/texlive/2018/texmf-dist/tex/latex/hyperref/pd1enc.def
File: pd1enc.def 2018/02/06 v6.86b Hyperref: PDFDocEncoding definition (HO)
Now handling font encoding PD1 ...
... no UTF-8 mapping file for font encoding PD1
)
\Hy@SavedSpaceFactor=\count93

(/usr/local/texlive/2018/texmf-dist/tex/latex/latexconfig/hyperref.cfg
File: hyperref.cfg 2002/06/06 v1.2 hyperref configuration of TeXLive
)
Package hyperref Info: Option `colorlinks' set `true' on input line 4383.
Package hyperref Info: Option `bookmarks' set `false' on input line 4383.
Package hyperref Info: Hyper figures OFF on input line 4509.
Package hyperref Info: Link nesting OFF on input line 4514.
Package hyperref Info: Hyper index ON on input line 4517.
Package hyperref Info: Plain pages OFF on input line 4524.
Package hyperref Info: Backreferencing OFF on input line 4529.
Package hyperref Info: Implicit mode ON; LaTeX internals redefined.
Package hyperref Info: Bookmarks OFF on input line 4768.
\c@Hy@tempcnt=\count94

(/usr/local/texlive/2018/texmf-dist/tex/latex/url/url.sty
\Urlmuskip=\muskip10
Package: url 2013/09/16  ver 3.4  Verb mode for urls, etc.
)
LaTeX Info: Redefining \url on input line 5115.
\XeTeXLinkMargin=\dimen112
\Fld@menulength=\count95
\Field@Width=\dimen113
\Fld@charsize=\dimen114
Package hyperref Info: Hyper figures OFF on input line 6369.
Package hyperref Info: Link nesting OFF on input line 6374.
Package hyperref Info: Hyper index ON on input line 6377.
Package hyperref Info: backreferencing OFF on input line 6384.
Package hyperref Info: Link coloring ON on input line 6387.
Package hyperref Info: Link coloring with OCG OFF on input line 6394.
Package hyperref Info: PDF/A mode OFF on input line 6399.
LaTeX Info: Redefining \ref on input line 6439.
LaTeX Info: Redefining \pageref on input line 6443.
\Hy@abspage=\count96
\c@Item=\count97
\c@Hfootnote=\count98
)
Package hyperref Info: Driver: hpdftex.

(/usr/local/texlive/2018/texmf-dist/tex/latex/hyperref/hpdftex.def
File: hpdftex.def 2018/02/06 v6.86b Hyperref driver for pdfTeX
\Fld@listcount=\count99
\c@bookmark@seq@number=\count100

(/usr/local/texlive/2018/texmf-dist/tex/latex/oberdiek/rerunfilecheck.sty
Package: rerunfilecheck 2016/05/16 v1.8 Rerun checks for auxiliary files (HO)
Package uniquecounter Info: New unique counter `rerunfilecheck' on input line 2
82.
)
\Hy@SectionHShift=\skip43
)
(/usr/local/texlive/2018/texmf-dist/tex/latex/graphics/color.sty
Package: color 2016/07/10 v1.1e Standard LaTeX Color (DPC)

(/usr/local/texlive/2018/texmf-dist/tex/latex/graphics-cfg/color.cfg
File: color.cfg 2016/01/02 v1.6 sample color configuration
)
Package color Info: Driver file: pdftex.def on input line 147.

(/usr/local/texlive/2018/texmf-dist/tex/latex/graphics-def/pdftex.def
File: pdftex.def 2018/01/08 v1.0l Graphics/color driver for pdftex
))
(/usr/local/texlive/2018/texmf-dist/tex/latex/natbib/natbib.sty
Package: natbib 2010/09/13 8.31b (PWD, AO)
\bibhang=\skip44
\bibsep=\skip45
LaTeX Info: Redefining \cite on input line 694.
\c@NAT@ctr=\count101
)
(/usr/local/texlive/2018/texmf-dist/tex/latex/natbib/bibentry.sty
Package: bibentry 2007/10/30 1.5 (PWD)
) (./vita.bbl) (./vita.aux)
\openout1 = `vita.aux'.

LaTeX Font Info:    Checking defaults for OML/cmm/m/it on input line 9.
LaTeX Font Info:    ... okay on input line 9.
LaTeX Font Info:    Checking defaults for T1/cmr/m/n on input line 9.
LaTeX Font Info:    ... okay on input line 9.
LaTeX Font Info:    Checking defaults for OT1/cmr/m/n on input line 9.
LaTeX Font Info:    ... okay on input line 9.
LaTeX Font Info:    Checking defaults for OMS/cmsy/m/n on input line 9.
LaTeX Font Info:    ... okay on input line 9.
LaTeX Font Info:    Checking defaults for OMX/cmex/m/n on input line 9.
LaTeX Font Info:    ... okay on input line 9.
LaTeX Font Info:    Checking defaults for U/cmr/m/n on input line 9.
LaTeX Font Info:    ... okay on input line 9.
LaTeX Font Info:    Checking defaults for PD1/pdf/m/n on input line 9.
LaTeX Font Info:    ... okay on input line 9.

*geometry* driver: auto-detecting
*geometry* detected driver: pdftex
*geometry* verbose mode - [ preamble ] result:
* driver: pdftex
* paper: letterpaper
* layout: <same size as paper>
* layoutoffset:(h,v)=(0.0pt,0.0pt)
* modes: 
* h-part:(L,W,R)=(72.26999pt, 469.75502pt, 72.26999pt)
* v-part:(T,H,B)=(72.26999pt, 650.43001pt, 72.26999pt)
* \paperwidth=614.295pt
* \paperheight=794.96999pt
* \textwidth=469.75502pt
* \textheight=650.43001pt
* \oddsidemargin=0.0pt
* \evensidemargin=0.0pt
* \topmargin=-37.0pt
* \headheight=12.0pt
* \headsep=25.0pt
* \topskip=12.0pt
* \footskip=30.0pt
* \marginparwidth=44.0pt
* \marginparsep=10.0pt
* \columnsep=10.0pt
* \skip\footins=10.8pt plus 4.0pt minus 2.0pt
* \hoffset=0.0pt
* \voffset=0.0pt
* \mag=1000
* \@twocolumnfalse
* \@twosidefalse
* \@mparswitchfalse
* \@reversemarginfalse
* (1in=72.27pt=25.4mm, 1cm=28.453pt)

\AtBeginShipoutBox=\box26
Package hyperref Info: Link coloring ON on input line 9.
(/usr/local/texlive/2018/texmf-dist/tex/latex/hyperref/nameref.sty
Package: nameref 2016/05/21 v2.44 Cross-referencing by name of section

(/usr/local/texlive/2018/texmf-dist/tex/generic/oberdiek/gettitlestring.sty
Package: gettitlestring 2016/05/16 v1.5 Cleanup title references (HO)
)
\c@section@level=\count102
)
LaTeX Info: Redefining \ref on input line 9.
LaTeX Info: Redefining \pageref on input line 9.
LaTeX Info: Redefining \nameref on input line 9.

(/usr/local/texlive/2018/texmf-dist/tex/context/base/mkii/supp-pdf.mkii
[Loading MPS to PDF converter (version 2006.09.02).]
\scratchcounter=\count103
\scratchdimen=\dimen115
\scratchbox=\box27
\nofMPsegments=\count104
\nofMParguments=\count105
\everyMPshowfont=\toks16
\MPscratchCnt=\count106
\MPscratchDim=\dimen116
\MPnumerator=\count107
\makeMPintoPDFobject=\count108
\everyMPtoPDFconversion=\toks17
) (./contact.tex)
LaTeX Font Info:    Try loading font information for OMS+cmr on input line 28.
 (/usr/local/texlive/2018/texmf-dist/tex/latex/base/omscmr.fd
File: omscmr.fd 2014/09/29 v2.5h Standard LaTeX font definitions
)
LaTeX Font Info:    Font shape `OMS/cmr/m/n' in size <12> not available
(Font)              Font shape `OMS/cmsy/m/n' tried instead on input line 28.
[1

{/usr/local/texlive/2018/texmf-var/fonts/map/pdftex/updmap/pdftex.map}]
Overfull \hbox (6.72668pt too wide) in paragraph at lines 83--84
\OT1/cmr/m/n/12 High-rate field demon-stra-tion of large-alphabet quan-tum key 
dis-tri-bu-tion.  \OT1/cmr/m/it/12 arXiv preprint
 []

[2]
Overfull \hbox (2.54623pt too wide) in paragraph at lines 95--96
\OT1/cmr/m/n/12 Jones, Michael Hochberg, Marin Sol-jacic, and Dirk R En-glund. 
 Pro-grammable nanopho-
 []

[3] [4] (./vita.bblpdfTeX warning (ext4): destination with the same identifier 
(name{cite.harris2016controlling}) has been already used, duplicate ignored
<to be read again> 
                   \relax 
l.9 ... Lloyd, and Englund]{harris2016controlling}
                                                  pdfTeX warning (ext4): destin
ation with the same identifier (name{cite.harris2015quantum}) has been already 
used, duplicate ignored
<to be read again> 
                   \relax 
l.17   and Englund]{harris2015quantum}
                                      pdfTeX warning (ext4): destination with t
he same identifier (name{cite.harris2015bosonic}) has been already used, duplic
ate ignored
<to be read again> 
                   \relax 
l.25 ...rg, Lloyd, and Englund]{harris2015bosonic}
                                                  pdfTeX warning (ext4): destin
ation with the same identifier (name{cite.harris2016large}) has been already us
ed, duplicate ignored
<to be read again> 
                   \relax 
l.33 ...s, Hochberg, and Englund]{harris2016large}
                                                  pdfTeX warning (ext4): destin
ation with the same identifier (name{cite.harris2017programmable}) has been alr
eady used, duplicate ignored
<to be read again> 
                   \relax 
l.41 ...acic, and Englund]{harris2017programmable}
                                                  pdfTeX warning (ext4): destin
ation with the same identifier (name{cite.harris2017quantum}) has been already 
used, duplicate ignored
<to be read again> 
                   \relax 
l.51   et~al.]{harris2017quantum}
                                 pdfTeX warning (ext4): destination with the sa
me identifier (name{cite.lahini2018quantum}) has been already used, duplicate i
gnored
<to be read again> 
                   \relax 
l.61   Englund]{lahini2018quantum}
                                  pdfTeX warning (ext4): destination with the s
ame identifier (name{cite.lee2014high}) has been already used, duplicate ignore
d
<to be read again> 
                   \relax 
l.67 ...ansky, Verma, Allman, et~al.]{lee2014high}
                                                  pdfTeX warning (ext4): destin
ation with the same identifier (name{cite.lee2014entanglement}) has been alread
y used, duplicate ignored
<to be read again> 
                   \relax 
l.77 ...ansky, Verma, et~al.]{lee2014entanglement}
                                                  pdfTeX warning (ext4): destin
ation with the same identifier (name{cite.lee2016high}) has been already used, 
duplicate ignored
<to be read again> 
                   \relax 
l.87 ...apiro, Hamilton, and Englund]{lee2016high}
                                                  pdfTeX warning (ext4): destin
ation with the same identifier (name{cite.lee2016high_article}) has been alread
y used, duplicate ignored
<to be read again> 
                   \relax 
l.96 ...amilton, and Englund]{lee2016high_article}
                                                   [5]pdfTeX warning (ext4): de
stination with the same identifier (name{cite.mower2015high}) has been already 
used, duplicate ignored
<to be read again> 
                   \relax 
l.104   and Englund]{mower2015high}
                                   pdfTeX warning (ext4): destination with the 
same identifier (name{cite.mower2015quantum}) has been already used, duplicate 
ignored
<to be read again> 
                   \relax 
l.113 ... Berggren, and Englund]{mower2015quantum}
                                                  pdfTeX warning (ext4): destin
ation with the same identifier (name{cite.mower2014integrated}) has been alread
y used, duplicate ignored
<to be read again> 
                   \relax 
l.122   Englund]{mower2014integrated}
                                     pdfTeX warning (ext4): destination with th
e same identifier (name{cite.mower2016methods}) has been already used, duplicat
e ignored
<to be read again> 
                   \relax 
l.131   Steinbrecher]{mower2016methods}
                                       pdfTeX warning (ext4): destination with 
the same identifier (name{cite.notaros2016tunable}) has been already used, dupl
icate ignored
<to be read again> 
                   \relax 
l.138 ...hberg, Lloyd, et~al.]{notaros2016tunable}
                                                  pdfTeX warning (ext4): destin
ation with the same identifier (name{cite.notaros2017programmable}) has been al
ready used, duplicate ignored
<to be read again> 
                   \relax 
l.148 ..., Lloyd, et~al.]{notaros2017programmable}
                                                  pdfTeX warning (ext4): destin
ation with the same identifier (name{cite.steinbrecher2015programmable}) has be
en already used, duplicate ignored
<to be read again> 
                   \relax 
l.157   Englund]{steinbrecher2015programmable}
                                              pdfTeX warning (ext4): destinatio
n with the same identifier (name{cite.steinbrecher2012cross}) has been already 
used, duplicate ignored
<to be read again> 
                   \relax 
l.165 ...teinbrecher(2012)]{steinbrecher2012cross}
                                                  pdfTeX warning (ext4): destin
ation with the same identifier (name{cite.steinbrecher2017optical}) has been al
ready used, duplicate ignored
<to be read again> 
                   \relax 
l.173 ...d, and Hamilton]{steinbrecher2017optical}
                                                  pdfTeX warning (ext4): destin
ation with the same identifier (name{cite.steinbrecher2018hybrid}) has been alr
eady used, duplicate ignored
<to be read again> 
                   \relax 
l.183   and Hamilton]{steinbrecher2018hybrid}
                                             pdfTeX warning (ext4): destination
 with the same identifier (name{cite.steinbrecher2018quantum}) has been already
 used, duplicate ignored
<to be read again> 
                   \relax 
l.191   and Carolan]{steinbrecher2018quantum}
                                              [6]pdfTeX warning (ext4): destina
tion with the same identifier (name{cite.yegnanarayanan2018automated}) has been
 already used, duplicate ignored
<to be read again> 
                   \relax 
l.197 ... Juodawlkis]{yegnanarayanan2018automated}
                                                  )
Package atveryend Info: Empty hook `BeforeClearDocument' on input line 126.
 [7]
Package atveryend Info: Empty hook `AfterLastShipout' on input line 126.
 (./vita.aux)
Package atveryend Info: Executing hook `AtVeryEndDocument' on input line 126.
Package atveryend Info: Empty hook `AtEndAfterFileList' on input line 126.
Package atveryend Info: Empty hook `AtVeryVeryEnd' on input line 126.
 ) 
Here is how much of TeX's memory you used:
 5645 strings out of 492649
 84290 string characters out of 6129622
 185921 words of memory out of 5000000
 9477 multiletter control sequences out of 15000+600000
 8019 words of font info for 28 fonts, out of 8000000 for 9000
 1141 hyphenation exceptions out of 8191
 28i,5n,32p,234b,461s stack positions out of 5000i,500n,10000p,200000b,80000s
</usr/local/texlive/2018/texmf-dist/fonts/type1/public/amsfonts/cm/cmbx10.pfb
></usr/local/texlive/2018/texmf-dist/fonts/type1/public/amsfonts/cm/cmbx12.pfb>
</usr/local/texlive/2018/texmf-dist/fonts/type1/public/amsfonts/cm/cmbxti10.pfb
></usr/local/texlive/2018/texmf-dist/fonts/type1/public/amsfonts/cm/cmr10.pfb><
/usr/local/texlive/2018/texmf-dist/fonts/type1/public/amsfonts/cm/cmr12.pfb></u
sr/local/texlive/2018/texmf-dist/fonts/type1/public/amsfonts/cm/cmr17.pfb></usr
/local/texlive/2018/texmf-dist/fonts/type1/public/amsfonts/cm/cmsy10.pfb></usr/
local/texlive/2018/texmf-dist/fonts/type1/public/amsfonts/cm/cmti10.pfb></usr/l
ocal/texlive/2018/texmf-dist/fonts/type1/public/amsfonts/cm/cmti12.pfb>
Output written on vita.pdf (7 pages, 143004 bytes).
PDF statistics:
 122 PDF objects out of 1000 (max. 8388607)
 102 compressed objects within 2 object streams
 41 named destinations out of 1000 (max. 500000)
 1 words of extra memory for PDF output out of 10000 (max. 10000000)

